INFO:     Started server process [15132]
INFO:     Waiting for application startup.
INFO:     Application startup complete.
INFO:     Uvicorn running on http://0.0.0.0:8002 (Press CTRL+C to quit)
2026-07-10 23:53:05 [INFO] 从 portrait_rule 表加载了 16 条规则
INFO:     127.0.0.1:61830 - "GET /api/agent/assessment/status HTTP/1.1" 200 OK
2026-07-10 23:53:14 [INFO] 从 portrait_rule 表加载了 16 条规则
2026-07-10 23:53:14 [INFO] 共 16 条评分规则，满分 200
2026-07-10 23:53:14 [INFO] user_profiles 可用字段 (18): id, conversation_id, name, age, major, education, target_major, language_score, target_country, gpa, budget, phone, wechat, email, consultation_status, created_at, updated_at, status
2026-07-10 23:53:14 [INFO] 正在调用千问大模型生成评分表达式 ...
2026-07-10 23:53:31 [INFO] HTTP Request: POST https://ws-80gz91pjbhgouudd.cn-beijing.maas.aliyuncs.com/compatible-mode/v1/chat/completions "HTTP/1.1 200 OK"
2026-07-10 23:53:31 [INFO] 评分表达式生成成功 (第 1 次)
2026-07-10 23:53:31 [INFO] 评分表达式: (CASE WHEN IFNULL(`age`, 0) BETWEEN 14 AND 16 THEN 15 WHEN IFNULL(`age`, 0) BETWEEN 16 AND 19 THEN 8 WHEN IFNULL(`age`, 0) >= 17 AND `target_major` LI...
2026-07-10 23:53:31 [INFO] 执行 INSERT（高分→意向客户） ...
2026-07-10 23:53:31 [INFO]   SQL: INSERT INTO intention_customer (customer_name, customer_age, customer_phone, customer_source, customer_demand, follow_record, current_status, sales_user_id) SELECT `name`, `age`, `phone`, '画像评估', CONC...
2026-07-10 23:53:31 [INFO]   影响行数: 0
2026-07-10 23:53:31 [INFO] 执行 UPDATE（低分→已研判） ...
2026-07-10 23:53:31 [INFO]   SQL: UPDATE user_profiles SET status = '已研判' WHERE ((CASE WHEN IFNULL(`age`, 0) BETWEEN 14 AND 16 THEN 15 WHEN IFNULL(`age`, 0) BETWEEN 16 AND 19 THEN 8 WHEN IFNULL(`age`, 0) >= 17 AND `target_major` LIKE ...
2026-07-10 23:53:31 [INFO]   影响行数: 4
2026-07-10 23:53:31 [INFO] 执行 SELECT（查询高分用户）...
2026-07-10 23:53:31 [INFO] 执行 DELETE（高分用户从原表删除） ...
2026-07-10 23:53:31 [INFO]   SQL: DELETE FROM user_profiles WHERE ((CASE WHEN IFNULL(`age`, 0) BETWEEN 14 AND 16 THEN 15 WHEN IFNULL(`age`, 0) BETWEEN 16 AND 19 THEN 8 WHEN IFNULL(`age`, 0) >= 17 AND `target_major` LIKE '%就业%' THEN 15...
2026-07-10 23:53:31 [INFO]   影响行数: 0
2026-07-10 23:53:31 [INFO] ============================================================
2026-07-10 23:53:31 [INFO] 评估完成：高度匹配用户 0 人
2026-07-10 23:53:31 [INFO] 本次无高度匹配用户
2026-07-10 23:53:31 [INFO] ============================================================
INFO:     127.0.0.1:61843 - "POST /api/agent/assessment/run HTTP/1.1" 200 OK
2026-07-10 23:54:50 [INFO] 从 portrait_rule 表加载了 16 条规则
2026-07-10 23:54:50 [INFO] 共 16 条评分规则，满分 200
2026-07-10 23:54:50 [INFO] user_profiles 可用字段 (18): id, conversation_id, name, age, major, education, target_major, language_score, target_country, gpa, budget, phone, wechat, email, consultation_status, created_at, updated_at, status
2026-07-10 23:54:50 [INFO] 正在调用千问大模型生成评分表达式 ...
2026-07-10 23:55:05 [INFO] HTTP Request: POST https://ws-80gz91pjbhgouudd.cn-beijing.maas.aliyuncs.com/compatible-mode/v1/chat/completions "HTTP/1.1 200 OK"
2026-07-10 23:55:05 [INFO] 评分表达式生成成功 (第 1 次)
2026-07-10 23:55:05 [INFO] 评分表达式: (CASE WHEN IFNULL(`age`, 0) BETWEEN 14 AND 16 THEN 15 WHEN IFNULL(`age`, 0) BETWEEN 16 AND 19 THEN 8 WHEN IFNULL(`age`, 0) >= 17 THEN 0 ELSE 0 END + C...
2026-07-10 23:55:05 [INFO] 执行 INSERT（高分→意向客户） ...
2026-07-10 23:55:05 [INFO]   SQL: INSERT INTO intention_customer (customer_name, customer_age, customer_phone, customer_source, customer_demand, follow_record, current_status, sales_user_id) SELECT `name`, `age`, `phone`, '画像评估', CONC...
2026-07-10 23:55:05 [ERROR] SQL 执行失败，已回滚: (1264, "Out of range value for column 'customer_age' at row 1")
2026-07-10 23:55:05 [ERROR] 评估执行失败: (1264, "Out of range value for column 'customer_age' at row 1")
INFO:     127.0.0.1:61936 - "POST /api/agent/assessment/run HTTP/1.1" 200 OK
2026-07-10 23:55:49 [INFO] 从 portrait_rule 表加载了 16 条规则
2026-07-10 23:55:49 [INFO] 共 16 条评分规则，满分 200
2026-07-10 23:55:49 [INFO] user_profiles 可用字段 (18): id, conversation_id, name, age, major, education, target_major, language_score, target_country, gpa, budget, phone, wechat, email, consultation_status, created_at, updated_at, status
2026-07-10 23:55:49 [INFO] 正在调用千问大模型生成评分表达式 ...
2026-07-10 23:56:03 [INFO] HTTP Request: POST https://ws-80gz91pjbhgouudd.cn-beijing.maas.aliyuncs.com/compatible-mode/v1/chat/completions "HTTP/1.1 200 OK"
2026-07-10 23:56:03 [INFO] 评分表达式生成成功 (第 1 次)
2026-07-10 23:56:03 [INFO] 评分表达式: (CASE WHEN IFNULL(`age`, 0) BETWEEN 14 AND 16 THEN 15 WHEN IFNULL(`age`, 0) BETWEEN 16 AND 19 THEN 8 WHEN IFNULL(`age`, 0) >= 17 AND `target_major` LI...
2026-07-10 23:56:03 [INFO] 执行 INSERT（高分→意向客户） ...
2026-07-10 23:56:03 [INFO]   SQL: INSERT INTO intention_customer (customer_name, customer_age, customer_phone, customer_source, customer_demand, follow_record, current_status, sales_user_id) SELECT `name`, `age`, `phone`, '画像评估', CONC...
2026-07-10 23:56:03 [INFO]   影响行数: 4
2026-07-10 23:56:03 [INFO] 执行 UPDATE（低分→已研判） ...
2026-07-10 23:56:03 [INFO]   SQL: UPDATE user_profiles SET status = '已研判' WHERE ((CASE WHEN IFNULL(`age`, 0) BETWEEN 14 AND 16 THEN 15 WHEN IFNULL(`age`, 0) BETWEEN 16 AND 19 THEN 8 WHEN IFNULL(`age`, 0) >= 17 AND `target_major` LIKE ...
2026-07-10 23:56:03 [INFO]   影响行数: 4
2026-07-10 23:56:03 [INFO] 执行 SELECT（查询高分用户）...
2026-07-10 23:56:03 [INFO] 执行 DELETE（高分用户从原表删除） ...
2026-07-10 23:56:03 [INFO]   SQL: DELETE FROM user_profiles WHERE ((CASE WHEN IFNULL(`age`, 0) BETWEEN 14 AND 16 THEN 15 WHEN IFNULL(`age`, 0) BETWEEN 16 AND 19 THEN 8 WHEN IFNULL(`age`, 0) >= 17 AND `target_major` LIKE '%就业%' THEN 15...
2026-07-10 23:56:03 [INFO]   影响行数: 4
2026-07-10 23:56:03 [INFO] ============================================================
2026-07-10 23:56:03 [INFO] 评估完成：高度匹配用户 4 人
2026-07-10 23:56:03 [INFO] 名单：string, 张三, 李四, 王五
2026-07-10 23:56:03 [INFO] ============================================================
INFO:     127.0.0.1:62006 - "POST /api/agent/assessment/run HTTP/1.1" 200 OK
